ARM GAS  /var/folders/jb/36vwlcf91_ncq9m312zwyvxr0000gp/T//ccM2x9X5.s 			page 1


   1              		.cpu cortex-m3
   2              		.arch armv7-m
   3              		.fpu softvfp
   4              		.eabi_attribute 20, 1
   5              		.eabi_attribute 21, 1
   6              		.eabi_attribute 23, 3
   7              		.eabi_attribute 24, 1
   8              		.eabi_attribute 25, 1
   9              		.eabi_attribute 26, 1
  10              		.eabi_attribute 30, 1
  11              		.eabi_attribute 34, 1
  12              		.eabi_attribute 18, 4
  13              		.file	"stm32f10x_iwdg.c"
  14              		.text
  15              	.Ltext0:
  16              		.cfi_sections	.debug_frame
  17              		.file 1 "SPL/STM32F10x_StdPeriph_Driver/src/stm32f10x_iwdg.c"
  18              		.section	.text.IWDG_WriteAccessCmd,"ax",%progbits
  19              		.align	1
  20              		.global	IWDG_WriteAccessCmd
  21              		.syntax unified
  22              		.thumb
  23              		.thumb_func
  25              	IWDG_WriteAccessCmd:
  26              	.LVL0:
  27              	.LFB29:
   1:SPL/STM32F10x_StdPeriph_Driver/src/stm32f10x_iwdg.c **** /**
   2:SPL/STM32F10x_StdPeriph_Driver/src/stm32f10x_iwdg.c ****   ******************************************************************************
   3:SPL/STM32F10x_StdPeriph_Driver/src/stm32f10x_iwdg.c ****   * @file    stm32f10x_iwdg.c
   4:SPL/STM32F10x_StdPeriph_Driver/src/stm32f10x_iwdg.c ****   * @author  MCD Application Team
   5:SPL/STM32F10x_StdPeriph_Driver/src/stm32f10x_iwdg.c ****   * @version V3.6.2
   6:SPL/STM32F10x_StdPeriph_Driver/src/stm32f10x_iwdg.c ****   * @date    17-September-2021
   7:SPL/STM32F10x_StdPeriph_Driver/src/stm32f10x_iwdg.c ****   * @brief   This file provides all the IWDG firmware functions.
   8:SPL/STM32F10x_StdPeriph_Driver/src/stm32f10x_iwdg.c ****   ******************************************************************************
   9:SPL/STM32F10x_StdPeriph_Driver/src/stm32f10x_iwdg.c ****   * @attention
  10:SPL/STM32F10x_StdPeriph_Driver/src/stm32f10x_iwdg.c ****   *
  11:SPL/STM32F10x_StdPeriph_Driver/src/stm32f10x_iwdg.c ****   * Copyright (c) 2012 STMicroelectronics.
  12:SPL/STM32F10x_StdPeriph_Driver/src/stm32f10x_iwdg.c ****   * All rights reserved.
  13:SPL/STM32F10x_StdPeriph_Driver/src/stm32f10x_iwdg.c ****   *
  14:SPL/STM32F10x_StdPeriph_Driver/src/stm32f10x_iwdg.c ****   * This software is licensed under terms that can be found in the LICENSE file
  15:SPL/STM32F10x_StdPeriph_Driver/src/stm32f10x_iwdg.c ****   * in the root directory of this software component.
  16:SPL/STM32F10x_StdPeriph_Driver/src/stm32f10x_iwdg.c ****   * If no LICENSE file comes with this software, it is provided AS-IS.
  17:SPL/STM32F10x_StdPeriph_Driver/src/stm32f10x_iwdg.c ****   *
  18:SPL/STM32F10x_StdPeriph_Driver/src/stm32f10x_iwdg.c ****   ******************************************************************************
  19:SPL/STM32F10x_StdPeriph_Driver/src/stm32f10x_iwdg.c ****   */
  20:SPL/STM32F10x_StdPeriph_Driver/src/stm32f10x_iwdg.c **** 
  21:SPL/STM32F10x_StdPeriph_Driver/src/stm32f10x_iwdg.c **** /* Includes ------------------------------------------------------------------*/
  22:SPL/STM32F10x_StdPeriph_Driver/src/stm32f10x_iwdg.c **** #include "stm32f10x_iwdg.h"
  23:SPL/STM32F10x_StdPeriph_Driver/src/stm32f10x_iwdg.c **** 
  24:SPL/STM32F10x_StdPeriph_Driver/src/stm32f10x_iwdg.c **** /** @addtogroup STM32F10x_StdPeriph_Driver
  25:SPL/STM32F10x_StdPeriph_Driver/src/stm32f10x_iwdg.c ****   * @{
  26:SPL/STM32F10x_StdPeriph_Driver/src/stm32f10x_iwdg.c ****   */
  27:SPL/STM32F10x_StdPeriph_Driver/src/stm32f10x_iwdg.c **** 
  28:SPL/STM32F10x_StdPeriph_Driver/src/stm32f10x_iwdg.c **** /** @defgroup IWDG 
  29:SPL/STM32F10x_StdPeriph_Driver/src/stm32f10x_iwdg.c ****   * @brief IWDG driver modules
  30:SPL/STM32F10x_StdPeriph_Driver/src/stm32f10x_iwdg.c ****   * @{
  31:SPL/STM32F10x_StdPeriph_Driver/src/stm32f10x_iwdg.c ****   */ 
ARM GAS  /var/folders/jb/36vwlcf91_ncq9m312zwyvxr0000gp/T//ccM2x9X5.s 			page 2


  32:SPL/STM32F10x_StdPeriph_Driver/src/stm32f10x_iwdg.c **** 
  33:SPL/STM32F10x_StdPeriph_Driver/src/stm32f10x_iwdg.c **** /** @defgroup IWDG_Private_TypesDefinitions
  34:SPL/STM32F10x_StdPeriph_Driver/src/stm32f10x_iwdg.c ****   * @{
  35:SPL/STM32F10x_StdPeriph_Driver/src/stm32f10x_iwdg.c ****   */
  36:SPL/STM32F10x_StdPeriph_Driver/src/stm32f10x_iwdg.c **** 
  37:SPL/STM32F10x_StdPeriph_Driver/src/stm32f10x_iwdg.c **** /**
  38:SPL/STM32F10x_StdPeriph_Driver/src/stm32f10x_iwdg.c ****   * @}
  39:SPL/STM32F10x_StdPeriph_Driver/src/stm32f10x_iwdg.c ****   */
  40:SPL/STM32F10x_StdPeriph_Driver/src/stm32f10x_iwdg.c **** 
  41:SPL/STM32F10x_StdPeriph_Driver/src/stm32f10x_iwdg.c **** /** @defgroup IWDG_Private_Defines
  42:SPL/STM32F10x_StdPeriph_Driver/src/stm32f10x_iwdg.c ****   * @{
  43:SPL/STM32F10x_StdPeriph_Driver/src/stm32f10x_iwdg.c ****   */ 
  44:SPL/STM32F10x_StdPeriph_Driver/src/stm32f10x_iwdg.c **** 
  45:SPL/STM32F10x_StdPeriph_Driver/src/stm32f10x_iwdg.c **** /* ---------------------- IWDG registers bit mask ----------------------------*/
  46:SPL/STM32F10x_StdPeriph_Driver/src/stm32f10x_iwdg.c **** 
  47:SPL/STM32F10x_StdPeriph_Driver/src/stm32f10x_iwdg.c **** /* KR register bit mask */
  48:SPL/STM32F10x_StdPeriph_Driver/src/stm32f10x_iwdg.c **** #define KR_KEY_Reload    ((uint16_t)0xAAAA)
  49:SPL/STM32F10x_StdPeriph_Driver/src/stm32f10x_iwdg.c **** #define KR_KEY_Enable    ((uint16_t)0xCCCC)
  50:SPL/STM32F10x_StdPeriph_Driver/src/stm32f10x_iwdg.c **** 
  51:SPL/STM32F10x_StdPeriph_Driver/src/stm32f10x_iwdg.c **** /**
  52:SPL/STM32F10x_StdPeriph_Driver/src/stm32f10x_iwdg.c ****   * @}
  53:SPL/STM32F10x_StdPeriph_Driver/src/stm32f10x_iwdg.c ****   */ 
  54:SPL/STM32F10x_StdPeriph_Driver/src/stm32f10x_iwdg.c **** 
  55:SPL/STM32F10x_StdPeriph_Driver/src/stm32f10x_iwdg.c **** /** @defgroup IWDG_Private_Macros
  56:SPL/STM32F10x_StdPeriph_Driver/src/stm32f10x_iwdg.c ****   * @{
  57:SPL/STM32F10x_StdPeriph_Driver/src/stm32f10x_iwdg.c ****   */
  58:SPL/STM32F10x_StdPeriph_Driver/src/stm32f10x_iwdg.c **** 
  59:SPL/STM32F10x_StdPeriph_Driver/src/stm32f10x_iwdg.c **** /**
  60:SPL/STM32F10x_StdPeriph_Driver/src/stm32f10x_iwdg.c ****   * @}
  61:SPL/STM32F10x_StdPeriph_Driver/src/stm32f10x_iwdg.c ****   */
  62:SPL/STM32F10x_StdPeriph_Driver/src/stm32f10x_iwdg.c **** 
  63:SPL/STM32F10x_StdPeriph_Driver/src/stm32f10x_iwdg.c **** /** @defgroup IWDG_Private_Variables
  64:SPL/STM32F10x_StdPeriph_Driver/src/stm32f10x_iwdg.c ****   * @{
  65:SPL/STM32F10x_StdPeriph_Driver/src/stm32f10x_iwdg.c ****   */
  66:SPL/STM32F10x_StdPeriph_Driver/src/stm32f10x_iwdg.c **** 
  67:SPL/STM32F10x_StdPeriph_Driver/src/stm32f10x_iwdg.c **** /**
  68:SPL/STM32F10x_StdPeriph_Driver/src/stm32f10x_iwdg.c ****   * @}
  69:SPL/STM32F10x_StdPeriph_Driver/src/stm32f10x_iwdg.c ****   */
  70:SPL/STM32F10x_StdPeriph_Driver/src/stm32f10x_iwdg.c **** 
  71:SPL/STM32F10x_StdPeriph_Driver/src/stm32f10x_iwdg.c **** /** @defgroup IWDG_Private_FunctionPrototypes
  72:SPL/STM32F10x_StdPeriph_Driver/src/stm32f10x_iwdg.c ****   * @{
  73:SPL/STM32F10x_StdPeriph_Driver/src/stm32f10x_iwdg.c ****   */
  74:SPL/STM32F10x_StdPeriph_Driver/src/stm32f10x_iwdg.c **** 
  75:SPL/STM32F10x_StdPeriph_Driver/src/stm32f10x_iwdg.c **** /**
  76:SPL/STM32F10x_StdPeriph_Driver/src/stm32f10x_iwdg.c ****   * @}
  77:SPL/STM32F10x_StdPeriph_Driver/src/stm32f10x_iwdg.c ****   */
  78:SPL/STM32F10x_StdPeriph_Driver/src/stm32f10x_iwdg.c **** 
  79:SPL/STM32F10x_StdPeriph_Driver/src/stm32f10x_iwdg.c **** /** @defgroup IWDG_Private_Functions
  80:SPL/STM32F10x_StdPeriph_Driver/src/stm32f10x_iwdg.c ****   * @{
  81:SPL/STM32F10x_StdPeriph_Driver/src/stm32f10x_iwdg.c ****   */
  82:SPL/STM32F10x_StdPeriph_Driver/src/stm32f10x_iwdg.c **** 
  83:SPL/STM32F10x_StdPeriph_Driver/src/stm32f10x_iwdg.c **** /**
  84:SPL/STM32F10x_StdPeriph_Driver/src/stm32f10x_iwdg.c ****   * @brief  Enables or disables write access to IWDG_PR and IWDG_RLR registers.
  85:SPL/STM32F10x_StdPeriph_Driver/src/stm32f10x_iwdg.c ****   * @param  IWDG_WriteAccess: new state of write access to IWDG_PR and IWDG_RLR registers.
  86:SPL/STM32F10x_StdPeriph_Driver/src/stm32f10x_iwdg.c ****   *   This parameter can be one of the following values:
  87:SPL/STM32F10x_StdPeriph_Driver/src/stm32f10x_iwdg.c ****   *     @arg IWDG_WriteAccess_Enable: Enable write access to IWDG_PR and IWDG_RLR registers
  88:SPL/STM32F10x_StdPeriph_Driver/src/stm32f10x_iwdg.c ****   *     @arg IWDG_WriteAccess_Disable: Disable write access to IWDG_PR and IWDG_RLR registers
ARM GAS  /var/folders/jb/36vwlcf91_ncq9m312zwyvxr0000gp/T//ccM2x9X5.s 			page 3


  89:SPL/STM32F10x_StdPeriph_Driver/src/stm32f10x_iwdg.c ****   * @retval None
  90:SPL/STM32F10x_StdPeriph_Driver/src/stm32f10x_iwdg.c ****   */
  91:SPL/STM32F10x_StdPeriph_Driver/src/stm32f10x_iwdg.c **** void IWDG_WriteAccessCmd(uint16_t IWDG_WriteAccess)
  92:SPL/STM32F10x_StdPeriph_Driver/src/stm32f10x_iwdg.c **** {
  28              		.loc 1 92 1 view -0
  29              		.cfi_startproc
  30              		@ args = 0, pretend = 0, frame = 0
  31              		@ frame_needed = 0, uses_anonymous_args = 0
  32              		@ link register save eliminated.
  93:SPL/STM32F10x_StdPeriph_Driver/src/stm32f10x_iwdg.c ****   /* Check the parameters */
  94:SPL/STM32F10x_StdPeriph_Driver/src/stm32f10x_iwdg.c ****   assert_param(IS_IWDG_WRITE_ACCESS(IWDG_WriteAccess));
  33              		.loc 1 94 3 view .LVU1
  95:SPL/STM32F10x_StdPeriph_Driver/src/stm32f10x_iwdg.c ****   IWDG->KR = IWDG_WriteAccess;
  34              		.loc 1 95 3 view .LVU2
  35              		.loc 1 95 12 is_stmt 0 view .LVU3
  36 0000 014B     		ldr	r3, .L2
  37 0002 1860     		str	r0, [r3]
  96:SPL/STM32F10x_StdPeriph_Driver/src/stm32f10x_iwdg.c **** }
  38              		.loc 1 96 1 view .LVU4
  39 0004 7047     		bx	lr
  40              	.L3:
  41 0006 00BF     		.align	2
  42              	.L2:
  43 0008 00300040 		.word	1073754112
  44              		.cfi_endproc
  45              	.LFE29:
  47              		.section	.text.IWDG_SetPrescaler,"ax",%progbits
  48              		.align	1
  49              		.global	IWDG_SetPrescaler
  50              		.syntax unified
  51              		.thumb
  52              		.thumb_func
  54              	IWDG_SetPrescaler:
  55              	.LVL1:
  56              	.LFB30:
  97:SPL/STM32F10x_StdPeriph_Driver/src/stm32f10x_iwdg.c **** 
  98:SPL/STM32F10x_StdPeriph_Driver/src/stm32f10x_iwdg.c **** /**
  99:SPL/STM32F10x_StdPeriph_Driver/src/stm32f10x_iwdg.c ****   * @brief  Sets IWDG Prescaler value.
 100:SPL/STM32F10x_StdPeriph_Driver/src/stm32f10x_iwdg.c ****   * @param  IWDG_Prescaler: specifies the IWDG Prescaler value.
 101:SPL/STM32F10x_StdPeriph_Driver/src/stm32f10x_iwdg.c ****   *   This parameter can be one of the following values:
 102:SPL/STM32F10x_StdPeriph_Driver/src/stm32f10x_iwdg.c ****   *     @arg IWDG_Prescaler_4: IWDG prescaler set to 4
 103:SPL/STM32F10x_StdPeriph_Driver/src/stm32f10x_iwdg.c ****   *     @arg IWDG_Prescaler_8: IWDG prescaler set to 8
 104:SPL/STM32F10x_StdPeriph_Driver/src/stm32f10x_iwdg.c ****   *     @arg IWDG_Prescaler_16: IWDG prescaler set to 16
 105:SPL/STM32F10x_StdPeriph_Driver/src/stm32f10x_iwdg.c ****   *     @arg IWDG_Prescaler_32: IWDG prescaler set to 32
 106:SPL/STM32F10x_StdPeriph_Driver/src/stm32f10x_iwdg.c ****   *     @arg IWDG_Prescaler_64: IWDG prescaler set to 64
 107:SPL/STM32F10x_StdPeriph_Driver/src/stm32f10x_iwdg.c ****   *     @arg IWDG_Prescaler_128: IWDG prescaler set to 128
 108:SPL/STM32F10x_StdPeriph_Driver/src/stm32f10x_iwdg.c ****   *     @arg IWDG_Prescaler_256: IWDG prescaler set to 256
 109:SPL/STM32F10x_StdPeriph_Driver/src/stm32f10x_iwdg.c ****   * @retval None
 110:SPL/STM32F10x_StdPeriph_Driver/src/stm32f10x_iwdg.c ****   */
 111:SPL/STM32F10x_StdPeriph_Driver/src/stm32f10x_iwdg.c **** void IWDG_SetPrescaler(uint8_t IWDG_Prescaler)
 112:SPL/STM32F10x_StdPeriph_Driver/src/stm32f10x_iwdg.c **** {
  57              		.loc 1 112 1 is_stmt 1 view -0
  58              		.cfi_startproc
  59              		@ args = 0, pretend = 0, frame = 0
  60              		@ frame_needed = 0, uses_anonymous_args = 0
  61              		@ link register save eliminated.
 113:SPL/STM32F10x_StdPeriph_Driver/src/stm32f10x_iwdg.c ****   /* Check the parameters */
ARM GAS  /var/folders/jb/36vwlcf91_ncq9m312zwyvxr0000gp/T//ccM2x9X5.s 			page 4


 114:SPL/STM32F10x_StdPeriph_Driver/src/stm32f10x_iwdg.c ****   assert_param(IS_IWDG_PRESCALER(IWDG_Prescaler));
  62              		.loc 1 114 3 view .LVU6
 115:SPL/STM32F10x_StdPeriph_Driver/src/stm32f10x_iwdg.c ****   IWDG->PR = IWDG_Prescaler;
  63              		.loc 1 115 3 view .LVU7
  64              		.loc 1 115 12 is_stmt 0 view .LVU8
  65 0000 014B     		ldr	r3, .L5
  66 0002 5860     		str	r0, [r3, #4]
 116:SPL/STM32F10x_StdPeriph_Driver/src/stm32f10x_iwdg.c **** }
  67              		.loc 1 116 1 view .LVU9
  68 0004 7047     		bx	lr
  69              	.L6:
  70 0006 00BF     		.align	2
  71              	.L5:
  72 0008 00300040 		.word	1073754112
  73              		.cfi_endproc
  74              	.LFE30:
  76              		.section	.text.IWDG_SetReload,"ax",%progbits
  77              		.align	1
  78              		.global	IWDG_SetReload
  79              		.syntax unified
  80              		.thumb
  81              		.thumb_func
  83              	IWDG_SetReload:
  84              	.LVL2:
  85              	.LFB31:
 117:SPL/STM32F10x_StdPeriph_Driver/src/stm32f10x_iwdg.c **** 
 118:SPL/STM32F10x_StdPeriph_Driver/src/stm32f10x_iwdg.c **** /**
 119:SPL/STM32F10x_StdPeriph_Driver/src/stm32f10x_iwdg.c ****   * @brief  Sets IWDG Reload value.
 120:SPL/STM32F10x_StdPeriph_Driver/src/stm32f10x_iwdg.c ****   * @param  Reload: specifies the IWDG Reload value.
 121:SPL/STM32F10x_StdPeriph_Driver/src/stm32f10x_iwdg.c ****   *   This parameter must be a number between 0 and 0x0FFF.
 122:SPL/STM32F10x_StdPeriph_Driver/src/stm32f10x_iwdg.c ****   * @retval None
 123:SPL/STM32F10x_StdPeriph_Driver/src/stm32f10x_iwdg.c ****   */
 124:SPL/STM32F10x_StdPeriph_Driver/src/stm32f10x_iwdg.c **** void IWDG_SetReload(uint16_t Reload)
 125:SPL/STM32F10x_StdPeriph_Driver/src/stm32f10x_iwdg.c **** {
  86              		.loc 1 125 1 is_stmt 1 view -0
  87              		.cfi_startproc
  88              		@ args = 0, pretend = 0, frame = 0
  89              		@ frame_needed = 0, uses_anonymous_args = 0
  90              		@ link register save eliminated.
 126:SPL/STM32F10x_StdPeriph_Driver/src/stm32f10x_iwdg.c ****   /* Check the parameters */
 127:SPL/STM32F10x_StdPeriph_Driver/src/stm32f10x_iwdg.c ****   assert_param(IS_IWDG_RELOAD(Reload));
  91              		.loc 1 127 3 view .LVU11
 128:SPL/STM32F10x_StdPeriph_Driver/src/stm32f10x_iwdg.c ****   IWDG->RLR = Reload;
  92              		.loc 1 128 3 view .LVU12
  93              		.loc 1 128 13 is_stmt 0 view .LVU13
  94 0000 014B     		ldr	r3, .L8
  95 0002 9860     		str	r0, [r3, #8]
 129:SPL/STM32F10x_StdPeriph_Driver/src/stm32f10x_iwdg.c **** }
  96              		.loc 1 129 1 view .LVU14
  97 0004 7047     		bx	lr
  98              	.L9:
  99 0006 00BF     		.align	2
 100              	.L8:
 101 0008 00300040 		.word	1073754112
 102              		.cfi_endproc
 103              	.LFE31:
 105              		.section	.text.IWDG_ReloadCounter,"ax",%progbits
ARM GAS  /var/folders/jb/36vwlcf91_ncq9m312zwyvxr0000gp/T//ccM2x9X5.s 			page 5


 106              		.align	1
 107              		.global	IWDG_ReloadCounter
 108              		.syntax unified
 109              		.thumb
 110              		.thumb_func
 112              	IWDG_ReloadCounter:
 113              	.LFB32:
 130:SPL/STM32F10x_StdPeriph_Driver/src/stm32f10x_iwdg.c **** 
 131:SPL/STM32F10x_StdPeriph_Driver/src/stm32f10x_iwdg.c **** /**
 132:SPL/STM32F10x_StdPeriph_Driver/src/stm32f10x_iwdg.c ****   * @brief  Reloads IWDG counter with value defined in the reload register
 133:SPL/STM32F10x_StdPeriph_Driver/src/stm32f10x_iwdg.c ****   *   (write access to IWDG_PR and IWDG_RLR registers disabled).
 134:SPL/STM32F10x_StdPeriph_Driver/src/stm32f10x_iwdg.c ****   * @param  None
 135:SPL/STM32F10x_StdPeriph_Driver/src/stm32f10x_iwdg.c ****   * @retval None
 136:SPL/STM32F10x_StdPeriph_Driver/src/stm32f10x_iwdg.c ****   */
 137:SPL/STM32F10x_StdPeriph_Driver/src/stm32f10x_iwdg.c **** void IWDG_ReloadCounter(void)
 138:SPL/STM32F10x_StdPeriph_Driver/src/stm32f10x_iwdg.c **** {
 114              		.loc 1 138 1 is_stmt 1 view -0
 115              		.cfi_startproc
 116              		@ args = 0, pretend = 0, frame = 0
 117              		@ frame_needed = 0, uses_anonymous_args = 0
 118              		@ link register save eliminated.
 139:SPL/STM32F10x_StdPeriph_Driver/src/stm32f10x_iwdg.c ****   IWDG->KR = KR_KEY_Reload;
 119              		.loc 1 139 3 view .LVU16
 120              		.loc 1 139 12 is_stmt 0 view .LVU17
 121 0000 024B     		ldr	r3, .L11
 122 0002 4AF6AA22 		movw	r2, #43690
 123 0006 1A60     		str	r2, [r3]
 140:SPL/STM32F10x_StdPeriph_Driver/src/stm32f10x_iwdg.c **** }
 124              		.loc 1 140 1 view .LVU18
 125 0008 7047     		bx	lr
 126              	.L12:
 127 000a 00BF     		.align	2
 128              	.L11:
 129 000c 00300040 		.word	1073754112
 130              		.cfi_endproc
 131              	.LFE32:
 133              		.section	.text.IWDG_Enable,"ax",%progbits
 134              		.align	1
 135              		.global	IWDG_Enable
 136              		.syntax unified
 137              		.thumb
 138              		.thumb_func
 140              	IWDG_Enable:
 141              	.LFB33:
 141:SPL/STM32F10x_StdPeriph_Driver/src/stm32f10x_iwdg.c **** 
 142:SPL/STM32F10x_StdPeriph_Driver/src/stm32f10x_iwdg.c **** /**
 143:SPL/STM32F10x_StdPeriph_Driver/src/stm32f10x_iwdg.c ****   * @brief  Enables IWDG (write access to IWDG_PR and IWDG_RLR registers disabled).
 144:SPL/STM32F10x_StdPeriph_Driver/src/stm32f10x_iwdg.c ****   * @param  None
 145:SPL/STM32F10x_StdPeriph_Driver/src/stm32f10x_iwdg.c ****   * @retval None
 146:SPL/STM32F10x_StdPeriph_Driver/src/stm32f10x_iwdg.c ****   */
 147:SPL/STM32F10x_StdPeriph_Driver/src/stm32f10x_iwdg.c **** void IWDG_Enable(void)
 148:SPL/STM32F10x_StdPeriph_Driver/src/stm32f10x_iwdg.c **** {
 142              		.loc 1 148 1 is_stmt 1 view -0
 143              		.cfi_startproc
 144              		@ args = 0, pretend = 0, frame = 0
 145              		@ frame_needed = 0, uses_anonymous_args = 0
 146              		@ link register save eliminated.
ARM GAS  /var/folders/jb/36vwlcf91_ncq9m312zwyvxr0000gp/T//ccM2x9X5.s 			page 6


 149:SPL/STM32F10x_StdPeriph_Driver/src/stm32f10x_iwdg.c ****   IWDG->KR = KR_KEY_Enable;
 147              		.loc 1 149 3 view .LVU20
 148              		.loc 1 149 12 is_stmt 0 view .LVU21
 149 0000 024B     		ldr	r3, .L14
 150 0002 4CF6CC42 		movw	r2, #52428
 151 0006 1A60     		str	r2, [r3]
 150:SPL/STM32F10x_StdPeriph_Driver/src/stm32f10x_iwdg.c **** }
 152              		.loc 1 150 1 view .LVU22
 153 0008 7047     		bx	lr
 154              	.L15:
 155 000a 00BF     		.align	2
 156              	.L14:
 157 000c 00300040 		.word	1073754112
 158              		.cfi_endproc
 159              	.LFE33:
 161              		.section	.text.IWDG_GetFlagStatus,"ax",%progbits
 162              		.align	1
 163              		.global	IWDG_GetFlagStatus
 164              		.syntax unified
 165              		.thumb
 166              		.thumb_func
 168              	IWDG_GetFlagStatus:
 169              	.LVL3:
 170              	.LFB34:
 151:SPL/STM32F10x_StdPeriph_Driver/src/stm32f10x_iwdg.c **** 
 152:SPL/STM32F10x_StdPeriph_Driver/src/stm32f10x_iwdg.c **** /**
 153:SPL/STM32F10x_StdPeriph_Driver/src/stm32f10x_iwdg.c ****   * @brief  Checks whether the specified IWDG flag is set or not.
 154:SPL/STM32F10x_StdPeriph_Driver/src/stm32f10x_iwdg.c ****   * @param  IWDG_FLAG: specifies the flag to check.
 155:SPL/STM32F10x_StdPeriph_Driver/src/stm32f10x_iwdg.c ****   *   This parameter can be one of the following values:
 156:SPL/STM32F10x_StdPeriph_Driver/src/stm32f10x_iwdg.c ****   *     @arg IWDG_FLAG_PVU: Prescaler Value Update on going
 157:SPL/STM32F10x_StdPeriph_Driver/src/stm32f10x_iwdg.c ****   *     @arg IWDG_FLAG_RVU: Reload Value Update on going
 158:SPL/STM32F10x_StdPeriph_Driver/src/stm32f10x_iwdg.c ****   * @retval The new state of IWDG_FLAG (SET or RESET).
 159:SPL/STM32F10x_StdPeriph_Driver/src/stm32f10x_iwdg.c ****   */
 160:SPL/STM32F10x_StdPeriph_Driver/src/stm32f10x_iwdg.c **** FlagStatus IWDG_GetFlagStatus(uint16_t IWDG_FLAG)
 161:SPL/STM32F10x_StdPeriph_Driver/src/stm32f10x_iwdg.c **** {
 171              		.loc 1 161 1 is_stmt 1 view -0
 172              		.cfi_startproc
 173              		@ args = 0, pretend = 0, frame = 0
 174              		@ frame_needed = 0, uses_anonymous_args = 0
 175              		@ link register save eliminated.
 162:SPL/STM32F10x_StdPeriph_Driver/src/stm32f10x_iwdg.c ****   FlagStatus bitstatus = RESET;
 176              		.loc 1 162 3 view .LVU24
 163:SPL/STM32F10x_StdPeriph_Driver/src/stm32f10x_iwdg.c ****   /* Check the parameters */
 164:SPL/STM32F10x_StdPeriph_Driver/src/stm32f10x_iwdg.c ****   assert_param(IS_IWDG_FLAG(IWDG_FLAG));
 177              		.loc 1 164 3 view .LVU25
 165:SPL/STM32F10x_StdPeriph_Driver/src/stm32f10x_iwdg.c ****   if ((IWDG->SR & IWDG_FLAG) != (uint32_t)RESET)
 178              		.loc 1 165 3 view .LVU26
 179              		.loc 1 165 12 is_stmt 0 view .LVU27
 180 0000 034B     		ldr	r3, .L19
 181 0002 DB68     		ldr	r3, [r3, #12]
 182              		.loc 1 165 6 view .LVU28
 183 0004 1842     		tst	r0, r3
 184 0006 01D0     		beq	.L18
 166:SPL/STM32F10x_StdPeriph_Driver/src/stm32f10x_iwdg.c ****   {
 167:SPL/STM32F10x_StdPeriph_Driver/src/stm32f10x_iwdg.c ****     bitstatus = SET;
 185              		.loc 1 167 15 view .LVU29
 186 0008 0120     		movs	r0, #1
ARM GAS  /var/folders/jb/36vwlcf91_ncq9m312zwyvxr0000gp/T//ccM2x9X5.s 			page 7


 187              	.LVL4:
 188              		.loc 1 167 15 view .LVU30
 189 000a 7047     		bx	lr
 190              	.LVL5:
 191              	.L18:
 168:SPL/STM32F10x_StdPeriph_Driver/src/stm32f10x_iwdg.c ****   }
 169:SPL/STM32F10x_StdPeriph_Driver/src/stm32f10x_iwdg.c ****   else
 170:SPL/STM32F10x_StdPeriph_Driver/src/stm32f10x_iwdg.c ****   {
 171:SPL/STM32F10x_StdPeriph_Driver/src/stm32f10x_iwdg.c ****     bitstatus = RESET;
 192              		.loc 1 171 15 view .LVU31
 193 000c 0020     		movs	r0, #0
 194              	.LVL6:
 172:SPL/STM32F10x_StdPeriph_Driver/src/stm32f10x_iwdg.c ****   }
 173:SPL/STM32F10x_StdPeriph_Driver/src/stm32f10x_iwdg.c ****   /* Return the flag status */
 174:SPL/STM32F10x_StdPeriph_Driver/src/stm32f10x_iwdg.c ****   return bitstatus;
 195              		.loc 1 174 3 is_stmt 1 view .LVU32
 175:SPL/STM32F10x_StdPeriph_Driver/src/stm32f10x_iwdg.c **** }
 196              		.loc 1 175 1 is_stmt 0 view .LVU33
 197 000e 7047     		bx	lr
 198              	.L20:
 199              		.align	2
 200              	.L19:
 201 0010 00300040 		.word	1073754112
 202              		.cfi_endproc
 203              	.LFE34:
 205              		.text
 206              	.Letext0:
 207              		.file 2 "/Applications/ArmGNUToolchain/14.2.rel1/arm-none-eabi/arm-none-eabi/include/machine/_defa
 208              		.file 3 "/Applications/ArmGNUToolchain/14.2.rel1/arm-none-eabi/arm-none-eabi/include/sys/_stdint.h
 209              		.file 4 "SPL/CMSIS/CM3/DeviceSupport/ST/STM32F10x/stm32f10x.h"
ARM GAS  /var/folders/jb/36vwlcf91_ncq9m312zwyvxr0000gp/T//ccM2x9X5.s 			page 8


DEFINED SYMBOLS
                            *ABS*:00000000 stm32f10x_iwdg.c
/var/folders/jb/36vwlcf91_ncq9m312zwyvxr0000gp/T//ccM2x9X5.s:19     .text.IWDG_WriteAccessCmd:00000000 $t
/var/folders/jb/36vwlcf91_ncq9m312zwyvxr0000gp/T//ccM2x9X5.s:25     .text.IWDG_WriteAccessCmd:00000000 IWDG_WriteAccessCmd
/var/folders/jb/36vwlcf91_ncq9m312zwyvxr0000gp/T//ccM2x9X5.s:43     .text.IWDG_WriteAccessCmd:00000008 $d
/var/folders/jb/36vwlcf91_ncq9m312zwyvxr0000gp/T//ccM2x9X5.s:48     .text.IWDG_SetPrescaler:00000000 $t
/var/folders/jb/36vwlcf91_ncq9m312zwyvxr0000gp/T//ccM2x9X5.s:54     .text.IWDG_SetPrescaler:00000000 IWDG_SetPrescaler
/var/folders/jb/36vwlcf91_ncq9m312zwyvxr0000gp/T//ccM2x9X5.s:72     .text.IWDG_SetPrescaler:00000008 $d
/var/folders/jb/36vwlcf91_ncq9m312zwyvxr0000gp/T//ccM2x9X5.s:77     .text.IWDG_SetReload:00000000 $t
/var/folders/jb/36vwlcf91_ncq9m312zwyvxr0000gp/T//ccM2x9X5.s:83     .text.IWDG_SetReload:00000000 IWDG_SetReload
/var/folders/jb/36vwlcf91_ncq9m312zwyvxr0000gp/T//ccM2x9X5.s:101    .text.IWDG_SetReload:00000008 $d
/var/folders/jb/36vwlcf91_ncq9m312zwyvxr0000gp/T//ccM2x9X5.s:106    .text.IWDG_ReloadCounter:00000000 $t
/var/folders/jb/36vwlcf91_ncq9m312zwyvxr0000gp/T//ccM2x9X5.s:112    .text.IWDG_ReloadCounter:00000000 IWDG_ReloadCounter
/var/folders/jb/36vwlcf91_ncq9m312zwyvxr0000gp/T//ccM2x9X5.s:129    .text.IWDG_ReloadCounter:0000000c $d
/var/folders/jb/36vwlcf91_ncq9m312zwyvxr0000gp/T//ccM2x9X5.s:134    .text.IWDG_Enable:00000000 $t
/var/folders/jb/36vwlcf91_ncq9m312zwyvxr0000gp/T//ccM2x9X5.s:140    .text.IWDG_Enable:00000000 IWDG_Enable
/var/folders/jb/36vwlcf91_ncq9m312zwyvxr0000gp/T//ccM2x9X5.s:157    .text.IWDG_Enable:0000000c $d
/var/folders/jb/36vwlcf91_ncq9m312zwyvxr0000gp/T//ccM2x9X5.s:162    .text.IWDG_GetFlagStatus:00000000 $t
/var/folders/jb/36vwlcf91_ncq9m312zwyvxr0000gp/T//ccM2x9X5.s:168    .text.IWDG_GetFlagStatus:00000000 IWDG_GetFlagStatus
/var/folders/jb/36vwlcf91_ncq9m312zwyvxr0000gp/T//ccM2x9X5.s:201    .text.IWDG_GetFlagStatus:00000010 $d

NO UNDEFINED SYMBOLS
