ARM GAS  /var/folders/jb/36vwlcf91_ncq9m312zwyvxr0000gp/T//cc4q93kK.s 			page 1


   1              		.cpu cortex-m3
   2              		.arch armv7-m
   3              		.fpu softvfp
   4              		.eabi_attribute 20, 1
   5              		.eabi_attribute 21, 1
   6              		.eabi_attribute 23, 3
   7              		.eabi_attribute 24, 1
   8              		.eabi_attribute 25, 1
   9              		.eabi_attribute 26, 1
  10              		.eabi_attribute 30, 1
  11              		.eabi_attribute 34, 1
  12              		.eabi_attribute 18, 4
  13              		.file	"stm32f10x_dbgmcu.c"
  14              		.text
  15              	.Ltext0:
  16              		.cfi_sections	.debug_frame
  17              		.file 1 "SPL/STM32F10x_StdPeriph_Driver/src/stm32f10x_dbgmcu.c"
  18              		.section	.text.DBGMCU_GetREVID,"ax",%progbits
  19              		.align	1
  20              		.global	DBGMCU_GetREVID
  21              		.syntax unified
  22              		.thumb
  23              		.thumb_func
  25              	DBGMCU_GetREVID:
  26              	.LFB29:
   1:SPL/STM32F10x_StdPeriph_Driver/src/stm32f10x_dbgmcu.c **** /**
   2:SPL/STM32F10x_StdPeriph_Driver/src/stm32f10x_dbgmcu.c ****   ******************************************************************************
   3:SPL/STM32F10x_StdPeriph_Driver/src/stm32f10x_dbgmcu.c ****   * @file    stm32f10x_dbgmcu.c
   4:SPL/STM32F10x_StdPeriph_Driver/src/stm32f10x_dbgmcu.c ****   * @author  MCD Application Team
   5:SPL/STM32F10x_StdPeriph_Driver/src/stm32f10x_dbgmcu.c ****   * @version V3.6.2
   6:SPL/STM32F10x_StdPeriph_Driver/src/stm32f10x_dbgmcu.c ****   * @date    17-September-2021
   7:SPL/STM32F10x_StdPeriph_Driver/src/stm32f10x_dbgmcu.c ****   * @brief   This file provides all the DBGMCU firmware functions.
   8:SPL/STM32F10x_StdPeriph_Driver/src/stm32f10x_dbgmcu.c ****   ******************************************************************************
   9:SPL/STM32F10x_StdPeriph_Driver/src/stm32f10x_dbgmcu.c ****   * @attention
  10:SPL/STM32F10x_StdPeriph_Driver/src/stm32f10x_dbgmcu.c ****   *
  11:SPL/STM32F10x_StdPeriph_Driver/src/stm32f10x_dbgmcu.c ****   * Copyright (c) 2012 STMicroelectronics.
  12:SPL/STM32F10x_StdPeriph_Driver/src/stm32f10x_dbgmcu.c ****   * All rights reserved.
  13:SPL/STM32F10x_StdPeriph_Driver/src/stm32f10x_dbgmcu.c ****   *
  14:SPL/STM32F10x_StdPeriph_Driver/src/stm32f10x_dbgmcu.c ****   * This software is licensed under terms that can be found in the LICENSE file
  15:SPL/STM32F10x_StdPeriph_Driver/src/stm32f10x_dbgmcu.c ****   * in the root directory of this software component.
  16:SPL/STM32F10x_StdPeriph_Driver/src/stm32f10x_dbgmcu.c ****   * If no LICENSE file comes with this software, it is provided AS-IS.
  17:SPL/STM32F10x_StdPeriph_Driver/src/stm32f10x_dbgmcu.c ****   *
  18:SPL/STM32F10x_StdPeriph_Driver/src/stm32f10x_dbgmcu.c ****   ******************************************************************************
  19:SPL/STM32F10x_StdPeriph_Driver/src/stm32f10x_dbgmcu.c ****   */
  20:SPL/STM32F10x_StdPeriph_Driver/src/stm32f10x_dbgmcu.c **** 
  21:SPL/STM32F10x_StdPeriph_Driver/src/stm32f10x_dbgmcu.c **** /* Includes ------------------------------------------------------------------*/
  22:SPL/STM32F10x_StdPeriph_Driver/src/stm32f10x_dbgmcu.c **** #include "stm32f10x_dbgmcu.h"
  23:SPL/STM32F10x_StdPeriph_Driver/src/stm32f10x_dbgmcu.c **** 
  24:SPL/STM32F10x_StdPeriph_Driver/src/stm32f10x_dbgmcu.c **** /** @addtogroup STM32F10x_StdPeriph_Driver
  25:SPL/STM32F10x_StdPeriph_Driver/src/stm32f10x_dbgmcu.c ****   * @{
  26:SPL/STM32F10x_StdPeriph_Driver/src/stm32f10x_dbgmcu.c ****   */
  27:SPL/STM32F10x_StdPeriph_Driver/src/stm32f10x_dbgmcu.c **** 
  28:SPL/STM32F10x_StdPeriph_Driver/src/stm32f10x_dbgmcu.c **** /** @defgroup DBGMCU 
  29:SPL/STM32F10x_StdPeriph_Driver/src/stm32f10x_dbgmcu.c ****   * @brief DBGMCU driver modules
  30:SPL/STM32F10x_StdPeriph_Driver/src/stm32f10x_dbgmcu.c ****   * @{
  31:SPL/STM32F10x_StdPeriph_Driver/src/stm32f10x_dbgmcu.c ****   */ 
  32:SPL/STM32F10x_StdPeriph_Driver/src/stm32f10x_dbgmcu.c **** 
ARM GAS  /var/folders/jb/36vwlcf91_ncq9m312zwyvxr0000gp/T//cc4q93kK.s 			page 2


  33:SPL/STM32F10x_StdPeriph_Driver/src/stm32f10x_dbgmcu.c **** /** @defgroup DBGMCU_Private_TypesDefinitions
  34:SPL/STM32F10x_StdPeriph_Driver/src/stm32f10x_dbgmcu.c ****   * @{
  35:SPL/STM32F10x_StdPeriph_Driver/src/stm32f10x_dbgmcu.c ****   */
  36:SPL/STM32F10x_StdPeriph_Driver/src/stm32f10x_dbgmcu.c **** 
  37:SPL/STM32F10x_StdPeriph_Driver/src/stm32f10x_dbgmcu.c **** /**
  38:SPL/STM32F10x_StdPeriph_Driver/src/stm32f10x_dbgmcu.c ****   * @}
  39:SPL/STM32F10x_StdPeriph_Driver/src/stm32f10x_dbgmcu.c ****   */
  40:SPL/STM32F10x_StdPeriph_Driver/src/stm32f10x_dbgmcu.c **** 
  41:SPL/STM32F10x_StdPeriph_Driver/src/stm32f10x_dbgmcu.c **** /** @defgroup DBGMCU_Private_Defines
  42:SPL/STM32F10x_StdPeriph_Driver/src/stm32f10x_dbgmcu.c ****   * @{
  43:SPL/STM32F10x_StdPeriph_Driver/src/stm32f10x_dbgmcu.c ****   */
  44:SPL/STM32F10x_StdPeriph_Driver/src/stm32f10x_dbgmcu.c **** 
  45:SPL/STM32F10x_StdPeriph_Driver/src/stm32f10x_dbgmcu.c **** #define IDCODE_DEVID_MASK    ((uint32_t)0x00000FFF)
  46:SPL/STM32F10x_StdPeriph_Driver/src/stm32f10x_dbgmcu.c **** /**
  47:SPL/STM32F10x_StdPeriph_Driver/src/stm32f10x_dbgmcu.c ****   * @}
  48:SPL/STM32F10x_StdPeriph_Driver/src/stm32f10x_dbgmcu.c ****   */
  49:SPL/STM32F10x_StdPeriph_Driver/src/stm32f10x_dbgmcu.c **** 
  50:SPL/STM32F10x_StdPeriph_Driver/src/stm32f10x_dbgmcu.c **** /** @defgroup DBGMCU_Private_Macros
  51:SPL/STM32F10x_StdPeriph_Driver/src/stm32f10x_dbgmcu.c ****   * @{
  52:SPL/STM32F10x_StdPeriph_Driver/src/stm32f10x_dbgmcu.c ****   */
  53:SPL/STM32F10x_StdPeriph_Driver/src/stm32f10x_dbgmcu.c **** 
  54:SPL/STM32F10x_StdPeriph_Driver/src/stm32f10x_dbgmcu.c **** /**
  55:SPL/STM32F10x_StdPeriph_Driver/src/stm32f10x_dbgmcu.c ****   * @}
  56:SPL/STM32F10x_StdPeriph_Driver/src/stm32f10x_dbgmcu.c ****   */
  57:SPL/STM32F10x_StdPeriph_Driver/src/stm32f10x_dbgmcu.c **** 
  58:SPL/STM32F10x_StdPeriph_Driver/src/stm32f10x_dbgmcu.c **** /** @defgroup DBGMCU_Private_Variables
  59:SPL/STM32F10x_StdPeriph_Driver/src/stm32f10x_dbgmcu.c ****   * @{
  60:SPL/STM32F10x_StdPeriph_Driver/src/stm32f10x_dbgmcu.c ****   */
  61:SPL/STM32F10x_StdPeriph_Driver/src/stm32f10x_dbgmcu.c **** 
  62:SPL/STM32F10x_StdPeriph_Driver/src/stm32f10x_dbgmcu.c **** /**
  63:SPL/STM32F10x_StdPeriph_Driver/src/stm32f10x_dbgmcu.c ****   * @}
  64:SPL/STM32F10x_StdPeriph_Driver/src/stm32f10x_dbgmcu.c ****   */
  65:SPL/STM32F10x_StdPeriph_Driver/src/stm32f10x_dbgmcu.c **** 
  66:SPL/STM32F10x_StdPeriph_Driver/src/stm32f10x_dbgmcu.c **** /** @defgroup DBGMCU_Private_FunctionPrototypes
  67:SPL/STM32F10x_StdPeriph_Driver/src/stm32f10x_dbgmcu.c ****   * @{
  68:SPL/STM32F10x_StdPeriph_Driver/src/stm32f10x_dbgmcu.c ****   */
  69:SPL/STM32F10x_StdPeriph_Driver/src/stm32f10x_dbgmcu.c **** 
  70:SPL/STM32F10x_StdPeriph_Driver/src/stm32f10x_dbgmcu.c **** /**
  71:SPL/STM32F10x_StdPeriph_Driver/src/stm32f10x_dbgmcu.c ****   * @}
  72:SPL/STM32F10x_StdPeriph_Driver/src/stm32f10x_dbgmcu.c ****   */
  73:SPL/STM32F10x_StdPeriph_Driver/src/stm32f10x_dbgmcu.c **** 
  74:SPL/STM32F10x_StdPeriph_Driver/src/stm32f10x_dbgmcu.c **** /** @defgroup DBGMCU_Private_Functions
  75:SPL/STM32F10x_StdPeriph_Driver/src/stm32f10x_dbgmcu.c ****   * @{
  76:SPL/STM32F10x_StdPeriph_Driver/src/stm32f10x_dbgmcu.c ****   */
  77:SPL/STM32F10x_StdPeriph_Driver/src/stm32f10x_dbgmcu.c **** 
  78:SPL/STM32F10x_StdPeriph_Driver/src/stm32f10x_dbgmcu.c **** /**
  79:SPL/STM32F10x_StdPeriph_Driver/src/stm32f10x_dbgmcu.c ****   * @brief  Returns the device revision identifier.
  80:SPL/STM32F10x_StdPeriph_Driver/src/stm32f10x_dbgmcu.c ****   * @param  None
  81:SPL/STM32F10x_StdPeriph_Driver/src/stm32f10x_dbgmcu.c ****   * @retval Device revision identifier
  82:SPL/STM32F10x_StdPeriph_Driver/src/stm32f10x_dbgmcu.c ****   */
  83:SPL/STM32F10x_StdPeriph_Driver/src/stm32f10x_dbgmcu.c **** uint32_t DBGMCU_GetREVID(void)
  84:SPL/STM32F10x_StdPeriph_Driver/src/stm32f10x_dbgmcu.c **** {
  27              		.loc 1 84 1 view -0
  28              		.cfi_startproc
  29              		@ args = 0, pretend = 0, frame = 0
  30              		@ frame_needed = 0, uses_anonymous_args = 0
  31              		@ link register save eliminated.
ARM GAS  /var/folders/jb/36vwlcf91_ncq9m312zwyvxr0000gp/T//cc4q93kK.s 			page 3


  85:SPL/STM32F10x_StdPeriph_Driver/src/stm32f10x_dbgmcu.c ****    return(DBGMCU->IDCODE >> 16);
  32              		.loc 1 85 4 view .LVU1
  33              		.loc 1 85 17 is_stmt 0 view .LVU2
  34 0000 014B     		ldr	r3, .L2
  35 0002 1868     		ldr	r0, [r3]
  86:SPL/STM32F10x_StdPeriph_Driver/src/stm32f10x_dbgmcu.c **** }
  36              		.loc 1 86 1 view .LVU3
  37 0004 000C     		lsrs	r0, r0, #16
  38 0006 7047     		bx	lr
  39              	.L3:
  40              		.align	2
  41              	.L2:
  42 0008 002004E0 		.word	-536600576
  43              		.cfi_endproc
  44              	.LFE29:
  46              		.section	.text.DBGMCU_GetDEVID,"ax",%progbits
  47              		.align	1
  48              		.global	DBGMCU_GetDEVID
  49              		.syntax unified
  50              		.thumb
  51              		.thumb_func
  53              	DBGMCU_GetDEVID:
  54              	.LFB30:
  87:SPL/STM32F10x_StdPeriph_Driver/src/stm32f10x_dbgmcu.c **** 
  88:SPL/STM32F10x_StdPeriph_Driver/src/stm32f10x_dbgmcu.c **** /**
  89:SPL/STM32F10x_StdPeriph_Driver/src/stm32f10x_dbgmcu.c ****   * @brief  Returns the device identifier.
  90:SPL/STM32F10x_StdPeriph_Driver/src/stm32f10x_dbgmcu.c ****   * @param  None
  91:SPL/STM32F10x_StdPeriph_Driver/src/stm32f10x_dbgmcu.c ****   * @retval Device identifier
  92:SPL/STM32F10x_StdPeriph_Driver/src/stm32f10x_dbgmcu.c ****   */
  93:SPL/STM32F10x_StdPeriph_Driver/src/stm32f10x_dbgmcu.c **** uint32_t DBGMCU_GetDEVID(void)
  94:SPL/STM32F10x_StdPeriph_Driver/src/stm32f10x_dbgmcu.c **** {
  55              		.loc 1 94 1 is_stmt 1 view -0
  56              		.cfi_startproc
  57              		@ args = 0, pretend = 0, frame = 0
  58              		@ frame_needed = 0, uses_anonymous_args = 0
  59              		@ link register save eliminated.
  95:SPL/STM32F10x_StdPeriph_Driver/src/stm32f10x_dbgmcu.c ****    return(DBGMCU->IDCODE & IDCODE_DEVID_MASK);
  60              		.loc 1 95 4 view .LVU5
  61              		.loc 1 95 17 is_stmt 0 view .LVU6
  62 0000 024B     		ldr	r3, .L5
  63 0002 1868     		ldr	r0, [r3]
  96:SPL/STM32F10x_StdPeriph_Driver/src/stm32f10x_dbgmcu.c **** }
  64              		.loc 1 96 1 view .LVU7
  65 0004 C0F30B00 		ubfx	r0, r0, #0, #12
  66 0008 7047     		bx	lr
  67              	.L6:
  68 000a 00BF     		.align	2
  69              	.L5:
  70 000c 002004E0 		.word	-536600576
  71              		.cfi_endproc
  72              	.LFE30:
  74              		.section	.text.DBGMCU_Config,"ax",%progbits
  75              		.align	1
  76              		.global	DBGMCU_Config
  77              		.syntax unified
  78              		.thumb
  79              		.thumb_func
ARM GAS  /var/folders/jb/36vwlcf91_ncq9m312zwyvxr0000gp/T//cc4q93kK.s 			page 4


  81              	DBGMCU_Config:
  82              	.LVL0:
  83              	.LFB31:
  97:SPL/STM32F10x_StdPeriph_Driver/src/stm32f10x_dbgmcu.c **** 
  98:SPL/STM32F10x_StdPeriph_Driver/src/stm32f10x_dbgmcu.c **** /**
  99:SPL/STM32F10x_StdPeriph_Driver/src/stm32f10x_dbgmcu.c ****   * @brief  Configures the specified peripheral and low power mode behavior
 100:SPL/STM32F10x_StdPeriph_Driver/src/stm32f10x_dbgmcu.c ****   *   when the MCU under Debug mode.
 101:SPL/STM32F10x_StdPeriph_Driver/src/stm32f10x_dbgmcu.c ****   * @param  DBGMCU_Periph: specifies the peripheral and low power mode.
 102:SPL/STM32F10x_StdPeriph_Driver/src/stm32f10x_dbgmcu.c ****   *   This parameter can be any combination of the following values:
 103:SPL/STM32F10x_StdPeriph_Driver/src/stm32f10x_dbgmcu.c ****   *     @arg DBGMCU_SLEEP: Keep debugger connection during SLEEP mode              
 104:SPL/STM32F10x_StdPeriph_Driver/src/stm32f10x_dbgmcu.c ****   *     @arg DBGMCU_STOP: Keep debugger connection during STOP mode               
 105:SPL/STM32F10x_StdPeriph_Driver/src/stm32f10x_dbgmcu.c ****   *     @arg DBGMCU_STANDBY: Keep debugger connection during STANDBY mode            
 106:SPL/STM32F10x_StdPeriph_Driver/src/stm32f10x_dbgmcu.c ****   *     @arg DBGMCU_IWDG_STOP: Debug IWDG stopped when Core is halted          
 107:SPL/STM32F10x_StdPeriph_Driver/src/stm32f10x_dbgmcu.c ****   *     @arg DBGMCU_WWDG_STOP: Debug WWDG stopped when Core is halted          
 108:SPL/STM32F10x_StdPeriph_Driver/src/stm32f10x_dbgmcu.c ****   *     @arg DBGMCU_TIM1_STOP: TIM1 counter stopped when Core is halted          
 109:SPL/STM32F10x_StdPeriph_Driver/src/stm32f10x_dbgmcu.c ****   *     @arg DBGMCU_TIM2_STOP: TIM2 counter stopped when Core is halted          
 110:SPL/STM32F10x_StdPeriph_Driver/src/stm32f10x_dbgmcu.c ****   *     @arg DBGMCU_TIM3_STOP: TIM3 counter stopped when Core is halted          
 111:SPL/STM32F10x_StdPeriph_Driver/src/stm32f10x_dbgmcu.c ****   *     @arg DBGMCU_TIM4_STOP: TIM4 counter stopped when Core is halted          
 112:SPL/STM32F10x_StdPeriph_Driver/src/stm32f10x_dbgmcu.c ****   *     @arg DBGMCU_CAN1_STOP: Debug CAN2 stopped when Core is halted           
 113:SPL/STM32F10x_StdPeriph_Driver/src/stm32f10x_dbgmcu.c ****   *     @arg DBGMCU_I2C1_SMBUS_TIMEOUT: I2C1 SMBUS timeout mode stopped when Core is halted
 114:SPL/STM32F10x_StdPeriph_Driver/src/stm32f10x_dbgmcu.c ****   *     @arg DBGMCU_I2C2_SMBUS_TIMEOUT: I2C2 SMBUS timeout mode stopped when Core is halted
 115:SPL/STM32F10x_StdPeriph_Driver/src/stm32f10x_dbgmcu.c ****   *     @arg DBGMCU_TIM5_STOP: TIM5 counter stopped when Core is halted          
 116:SPL/STM32F10x_StdPeriph_Driver/src/stm32f10x_dbgmcu.c ****   *     @arg DBGMCU_TIM6_STOP: TIM6 counter stopped when Core is halted          
 117:SPL/STM32F10x_StdPeriph_Driver/src/stm32f10x_dbgmcu.c ****   *     @arg DBGMCU_TIM7_STOP: TIM7 counter stopped when Core is halted          
 118:SPL/STM32F10x_StdPeriph_Driver/src/stm32f10x_dbgmcu.c ****   *     @arg DBGMCU_TIM8_STOP: TIM8 counter stopped when Core is halted
 119:SPL/STM32F10x_StdPeriph_Driver/src/stm32f10x_dbgmcu.c ****   *     @arg DBGMCU_CAN2_STOP: Debug CAN2 stopped when Core is halted 
 120:SPL/STM32F10x_StdPeriph_Driver/src/stm32f10x_dbgmcu.c ****   *     @arg DBGMCU_TIM15_STOP: TIM15 counter stopped when Core is halted
 121:SPL/STM32F10x_StdPeriph_Driver/src/stm32f10x_dbgmcu.c ****   *     @arg DBGMCU_TIM16_STOP: TIM16 counter stopped when Core is halted
 122:SPL/STM32F10x_StdPeriph_Driver/src/stm32f10x_dbgmcu.c ****   *     @arg DBGMCU_TIM17_STOP: TIM17 counter stopped when Core is halted                
 123:SPL/STM32F10x_StdPeriph_Driver/src/stm32f10x_dbgmcu.c ****   *     @arg DBGMCU_TIM9_STOP: TIM9 counter stopped when Core is halted
 124:SPL/STM32F10x_StdPeriph_Driver/src/stm32f10x_dbgmcu.c ****   *     @arg DBGMCU_TIM10_STOP: TIM10 counter stopped when Core is halted
 125:SPL/STM32F10x_StdPeriph_Driver/src/stm32f10x_dbgmcu.c ****   *     @arg DBGMCU_TIM11_STOP: TIM11 counter stopped when Core is halted
 126:SPL/STM32F10x_StdPeriph_Driver/src/stm32f10x_dbgmcu.c ****   *     @arg DBGMCU_TIM12_STOP: TIM12 counter stopped when Core is halted
 127:SPL/STM32F10x_StdPeriph_Driver/src/stm32f10x_dbgmcu.c ****   *     @arg DBGMCU_TIM13_STOP: TIM13 counter stopped when Core is halted
 128:SPL/STM32F10x_StdPeriph_Driver/src/stm32f10x_dbgmcu.c ****   *     @arg DBGMCU_TIM14_STOP: TIM14 counter stopped when Core is halted
 129:SPL/STM32F10x_StdPeriph_Driver/src/stm32f10x_dbgmcu.c ****   * @param  NewState: new state of the specified peripheral in Debug mode.
 130:SPL/STM32F10x_StdPeriph_Driver/src/stm32f10x_dbgmcu.c ****   *   This parameter can be: ENABLE or DISABLE.
 131:SPL/STM32F10x_StdPeriph_Driver/src/stm32f10x_dbgmcu.c ****   * @retval None
 132:SPL/STM32F10x_StdPeriph_Driver/src/stm32f10x_dbgmcu.c ****   */
 133:SPL/STM32F10x_StdPeriph_Driver/src/stm32f10x_dbgmcu.c **** void DBGMCU_Config(uint32_t DBGMCU_Periph, FunctionalState NewState)
 134:SPL/STM32F10x_StdPeriph_Driver/src/stm32f10x_dbgmcu.c **** {
  84              		.loc 1 134 1 is_stmt 1 view -0
  85              		.cfi_startproc
  86              		@ args = 0, pretend = 0, frame = 0
  87              		@ frame_needed = 0, uses_anonymous_args = 0
  88              		@ link register save eliminated.
 135:SPL/STM32F10x_StdPeriph_Driver/src/stm32f10x_dbgmcu.c ****   /* Check the parameters */
 136:SPL/STM32F10x_StdPeriph_Driver/src/stm32f10x_dbgmcu.c ****   assert_param(IS_DBGMCU_PERIPH(DBGMCU_Periph));
  89              		.loc 1 136 3 view .LVU9
 137:SPL/STM32F10x_StdPeriph_Driver/src/stm32f10x_dbgmcu.c ****   assert_param(IS_FUNCTIONAL_STATE(NewState));
  90              		.loc 1 137 3 view .LVU10
 138:SPL/STM32F10x_StdPeriph_Driver/src/stm32f10x_dbgmcu.c **** 
 139:SPL/STM32F10x_StdPeriph_Driver/src/stm32f10x_dbgmcu.c ****   if (NewState != DISABLE)
  91              		.loc 1 139 3 view .LVU11
  92              		.loc 1 139 6 is_stmt 0 view .LVU12
  93 0000 21B1     		cbz	r1, .L8
 140:SPL/STM32F10x_StdPeriph_Driver/src/stm32f10x_dbgmcu.c ****   {
ARM GAS  /var/folders/jb/36vwlcf91_ncq9m312zwyvxr0000gp/T//cc4q93kK.s 			page 5


 141:SPL/STM32F10x_StdPeriph_Driver/src/stm32f10x_dbgmcu.c ****     DBGMCU->CR |= DBGMCU_Periph;
  94              		.loc 1 141 5 is_stmt 1 view .LVU13
  95              		.loc 1 141 11 is_stmt 0 view .LVU14
  96 0002 054A     		ldr	r2, .L10
  97 0004 5368     		ldr	r3, [r2, #4]
  98              		.loc 1 141 16 view .LVU15
  99 0006 0343     		orrs	r3, r3, r0
 100 0008 5360     		str	r3, [r2, #4]
 101 000a 7047     		bx	lr
 102              	.L8:
 142:SPL/STM32F10x_StdPeriph_Driver/src/stm32f10x_dbgmcu.c ****   }
 143:SPL/STM32F10x_StdPeriph_Driver/src/stm32f10x_dbgmcu.c ****   else
 144:SPL/STM32F10x_StdPeriph_Driver/src/stm32f10x_dbgmcu.c ****   {
 145:SPL/STM32F10x_StdPeriph_Driver/src/stm32f10x_dbgmcu.c ****     DBGMCU->CR &= ~DBGMCU_Periph;
 103              		.loc 1 145 5 is_stmt 1 view .LVU16
 104              		.loc 1 145 11 is_stmt 0 view .LVU17
 105 000c 024A     		ldr	r2, .L10
 106 000e 5368     		ldr	r3, [r2, #4]
 107              		.loc 1 145 16 view .LVU18
 108 0010 23EA0003 		bic	r3, r3, r0
 109 0014 5360     		str	r3, [r2, #4]
 146:SPL/STM32F10x_StdPeriph_Driver/src/stm32f10x_dbgmcu.c ****   }
 147:SPL/STM32F10x_StdPeriph_Driver/src/stm32f10x_dbgmcu.c **** }
 110              		.loc 1 147 1 view .LVU19
 111 0016 7047     		bx	lr
 112              	.L11:
 113              		.align	2
 114              	.L10:
 115 0018 002004E0 		.word	-536600576
 116              		.cfi_endproc
 117              	.LFE31:
 119              		.text
 120              	.Letext0:
 121              		.file 2 "/Applications/ArmGNUToolchain/14.2.rel1/arm-none-eabi/arm-none-eabi/include/machine/_defa
 122              		.file 3 "/Applications/ArmGNUToolchain/14.2.rel1/arm-none-eabi/arm-none-eabi/include/sys/_stdint.h
 123              		.file 4 "SPL/CMSIS/CM3/DeviceSupport/ST/STM32F10x/stm32f10x.h"
ARM GAS  /var/folders/jb/36vwlcf91_ncq9m312zwyvxr0000gp/T//cc4q93kK.s 			page 6


DEFINED SYMBOLS
                            *ABS*:00000000 stm32f10x_dbgmcu.c
/var/folders/jb/36vwlcf91_ncq9m312zwyvxr0000gp/T//cc4q93kK.s:19     .text.DBGMCU_GetREVID:00000000 $t
/var/folders/jb/36vwlcf91_ncq9m312zwyvxr0000gp/T//cc4q93kK.s:25     .text.DBGMCU_GetREVID:00000000 DBGMCU_GetREVID
/var/folders/jb/36vwlcf91_ncq9m312zwyvxr0000gp/T//cc4q93kK.s:42     .text.DBGMCU_GetREVID:00000008 $d
/var/folders/jb/36vwlcf91_ncq9m312zwyvxr0000gp/T//cc4q93kK.s:47     .text.DBGMCU_GetDEVID:00000000 $t
/var/folders/jb/36vwlcf91_ncq9m312zwyvxr0000gp/T//cc4q93kK.s:53     .text.DBGMCU_GetDEVID:00000000 DBGMCU_GetDEVID
/var/folders/jb/36vwlcf91_ncq9m312zwyvxr0000gp/T//cc4q93kK.s:70     .text.DBGMCU_GetDEVID:0000000c $d
/var/folders/jb/36vwlcf91_ncq9m312zwyvxr0000gp/T//cc4q93kK.s:75     .text.DBGMCU_Config:00000000 $t
/var/folders/jb/36vwlcf91_ncq9m312zwyvxr0000gp/T//cc4q93kK.s:81     .text.DBGMCU_Config:00000000 DBGMCU_Config
/var/folders/jb/36vwlcf91_ncq9m312zwyvxr0000gp/T//cc4q93kK.s:115    .text.DBGMCU_Config:00000018 $d

NO UNDEFINED SYMBOLS
